<?xml version="1.0" encoding="UTF-8"?>
<!-- Generated by org.testng.reporters.JUnitReportReporter -->
<testsuite skipped="0" hostname="Iqan-PC" name="Tests.googleHomePageTest" tests="2" failures="0" timestamp="29 Oct 2017 19:10:45 GMT" time="5.136" errors="0">
  <testcase name="Should_Navigate_To_Home_Page" time="2.816" classname="Tests.googleHomePageTest"/>
  <testcase name="Should_Search_For_Word" time="2.320" classname="Tests.googleHomePageTest"/>
</testsuite> <!-- Tests.googleHomePageTest -->
