<?xml version="1.0" encoding="UTF-8"?>
<!-- Generated by org.testng.reporters.JUnitReportReporter -->
<testsuite skipped="0" hostname="Iqan-PC" name="Tests.googleHomePageTest" tests="2" failures="0" timestamp="11 Nov 2017 07:48:49 GMT" time="5.761" errors="0">
  <testcase name="Should_Navigate_To_Home_Page" time="3.861" classname="Tests.googleHomePageTest"/>
  <testcase name="Should_Search_For_Word" time="1.900" classname="Tests.googleHomePageTest"/>
</testsuite> <!-- Tests.googleHomePageTest -->
